c:\users\администратор\documents\github\optywayww\wwalk\wwalk\x64\debug\vc143.pdb
c:\users\администратор\documents\github\optywayww\wwalk\wwalk\x64\debug\.netframework,version=v4.7.2.assemblyattributes.obj
c:\users\администратор\documents\github\optywayww\wwalk\wwalk\x64\debug\mainform.obj
c:\users\администратор\documents\github\optywayww\wwalk\x64\debug\wwalk.exe
c:\users\администратор\documents\github\optywayww\wwalk\wwalk\x64\debug\wwalk.vcxproj.assemblyreference.cache
c:\users\администратор\documents\github\optywayww\wwalk\wwalk\x64\debug\wwalk.vcxproj.generateresource.cache
c:\users\администратор\documents\github\optywayww\wwalk\wwalk\x64\debug\wwalk.vcxproj.suggestedbindingredirects.cache
c:\users\администратор\documents\github\optywayww\wwalk\wwalk\x64\debug\wwalk.mainform.resources
c:\users\администратор\documents\github\optywayww\wwalk\x64\debug\wwalk.pdb
c:\users\администратор\documents\github\optywayww\wwalk\wwalk\x64\debug\wwalk.tlog\cl.command.1.tlog
c:\users\администратор\documents\github\optywayww\wwalk\wwalk\x64\debug\wwalk.tlog\cl.read.1.tlog
c:\users\администратор\documents\github\optywayww\wwalk\wwalk\x64\debug\wwalk.tlog\cl.write.1.tlog
c:\users\администратор\documents\github\optywayww\wwalk\wwalk\x64\debug\wwalk.tlog\link.11076-cvtres.read.1.tlog
c:\users\администратор\documents\github\optywayww\wwalk\wwalk\x64\debug\wwalk.tlog\link.11076-cvtres.write.1.tlog
c:\users\администратор\documents\github\optywayww\wwalk\wwalk\x64\debug\wwalk.tlog\link.11076-rc.read.1.tlog
c:\users\администратор\documents\github\optywayww\wwalk\wwalk\x64\debug\wwalk.tlog\link.11076-rc.write.1.tlog
c:\users\администратор\documents\github\optywayww\wwalk\wwalk\x64\debug\wwalk.tlog\link.11076.read.1.tlog
c:\users\администратор\documents\github\optywayww\wwalk\wwalk\x64\debug\wwalk.tlog\link.11076.read.2.tlog
c:\users\администратор\documents\github\optywayww\wwalk\wwalk\x64\debug\wwalk.tlog\link.11076.write.1.tlog
c:\users\администратор\documents\github\optywayww\wwalk\wwalk\x64\debug\wwalk.tlog\link.3392-cvtres.read.1.tlog
c:\users\администратор\documents\github\optywayww\wwalk\wwalk\x64\debug\wwalk.tlog\link.3392-cvtres.write.1.tlog
c:\users\администратор\documents\github\optywayww\wwalk\wwalk\x64\debug\wwalk.tlog\link.3392-rc.read.1.tlog
c:\users\администратор\documents\github\optywayww\wwalk\wwalk\x64\debug\wwalk.tlog\link.3392-rc.write.1.tlog
c:\users\администратор\documents\github\optywayww\wwalk\wwalk\x64\debug\wwalk.tlog\link.3392.read.1.tlog
c:\users\администратор\documents\github\optywayww\wwalk\wwalk\x64\debug\wwalk.tlog\link.3392.read.2.tlog
c:\users\администратор\documents\github\optywayww\wwalk\wwalk\x64\debug\wwalk.tlog\link.3392.write.1.tlog
c:\users\администратор\documents\github\optywayww\wwalk\wwalk\x64\debug\wwalk.tlog\link.8688-cvtres.read.1.tlog
c:\users\администратор\documents\github\optywayww\wwalk\wwalk\x64\debug\wwalk.tlog\link.8688-cvtres.write.1.tlog
c:\users\администратор\documents\github\optywayww\wwalk\wwalk\x64\debug\wwalk.tlog\link.8688-rc.read.1.tlog
c:\users\администратор\documents\github\optywayww\wwalk\wwalk\x64\debug\wwalk.tlog\link.8688-rc.write.1.tlog
c:\users\администратор\documents\github\optywayww\wwalk\wwalk\x64\debug\wwalk.tlog\link.8688.read.1.tlog
c:\users\администратор\documents\github\optywayww\wwalk\wwalk\x64\debug\wwalk.tlog\link.8688.read.2.tlog
c:\users\администратор\documents\github\optywayww\wwalk\wwalk\x64\debug\wwalk.tlog\link.8688.write.1.tlog
c:\users\администратор\documents\github\optywayww\wwalk\wwalk\x64\debug\wwalk.tlog\link.9404-cvtres.read.1.tlog
c:\users\администратор\documents\github\optywayww\wwalk\wwalk\x64\debug\wwalk.tlog\link.9404-cvtres.write.1.tlog
c:\users\администратор\documents\github\optywayww\wwalk\wwalk\x64\debug\wwalk.tlog\link.9404-rc.read.1.tlog
c:\users\администратор\documents\github\optywayww\wwalk\wwalk\x64\debug\wwalk.tlog\link.9404-rc.write.1.tlog
c:\users\администратор\documents\github\optywayww\wwalk\wwalk\x64\debug\wwalk.tlog\link.9404.read.1.tlog
c:\users\администратор\documents\github\optywayww\wwalk\wwalk\x64\debug\wwalk.tlog\link.9404.read.2.tlog
c:\users\администратор\documents\github\optywayww\wwalk\wwalk\x64\debug\wwalk.tlog\link.9404.write.1.tlog
c:\users\администратор\documents\github\optywayww\wwalk\wwalk\x64\debug\wwalk.tlog\link.command.1.tlog
c:\users\администратор\documents\github\optywayww\wwalk\wwalk\x64\debug\wwalk.tlog\link.read.1.tlog
c:\users\администратор\documents\github\optywayww\wwalk\wwalk\x64\debug\wwalk.tlog\link.read.2.tlog
c:\users\администратор\documents\github\optywayww\wwalk\wwalk\x64\debug\wwalk.tlog\link.write.1.tlog
c:\users\администратор\documents\github\optywayww\wwalk\wwalk\x64\debug\wwalk.tlog\metagen.read.1.tlog
c:\users\администратор\documents\github\optywayww\wwalk\wwalk\x64\debug\wwalk.tlog\metagen.write.1.tlog
c:\users\администратор\documents\github\optywayww\wwalk\wwalk\x64\debug\wwalk.tlog\resgen.command.1.tlog
c:\users\администратор\documents\github\optywayww\wwalk\wwalk\x64\debug\wwalk.tlog\resgen.read.1.tlog
c:\users\администратор\documents\github\optywayww\wwalk\wwalk\x64\debug\wwalk.tlog\resgen.write.1.tlog
